<?xml version="1.0" encoding="UTF-8"?>
<!-- Generated by org.testng.reporters.JUnitReportReporter -->
<testsuite skipped="0" hostname="admin-PC" name="MavenDemo.MavenDemo.MavenDemo" tests="1" failures="0" timestamp="03 Sep 2019 02:35:21 GMT" time="4.354" errors="0">
  <testcase name="LAUNCHbROWSER" time="4.354" classname="MavenDemo.MavenDemo.MavenDemo"/>
</testsuite> <!-- MavenDemo.MavenDemo.MavenDemo -->
