<?xml version="1.0" encoding="UTF-8"?>
<!-- Generated by org.testng.reporters.JUnitReportReporter -->
<testsuite skipped="0" hostname="admin-PC" name="MavenDemo.MavenDemo.MavenDemo" tests="1" failures="0" timestamp="06 Sep 2019 03:00:20 GMT" time="8.963" errors="0">
  <testcase name="LAUNCHbROWSER" time="8.963" classname="MavenDemo.MavenDemo.MavenDemo"/>
</testsuite> <!-- MavenDemo.MavenDemo.MavenDemo -->
